<?xml version="1.0" encoding="UTF-8"?>
<coverage generated="1516833959458" clover="3.2.0">
  <project timestamp="1516833959458" name="All files">
    <metrics statements="6" coveredstatements="6" conditionals="2" coveredconditionals="2" methods="1" coveredmethods="1" elements="9" coveredelements="9" complexity="0" loc="6" ncloc="6" packages="1" files="1" classes="1">
      <file name="filter.js" path="/Users/pedrosilva/dev/jest/src/filter/filter.js">
        <metrics statements="6" coveredstatements="6" conditionals="2" coveredconditionals="2" methods="1" coveredmethods="1"/>
        <line num="3" count="1" type="stmt"/>
        <line num="4" count="4" type="stmt"/>
        <line num="5" count="4" type="stmt"/>
        <line num="6" count="13" type="cond" truecount="2" falsecount="0"/>
        <line num="7" count="6" type="stmt"/>
        <line num="10" count="4" type="stmt"/>
      </file>
    </metrics>
  </project>
</coverage>
